/var/www/virtualenvs/buscador_scripts/lib/python2.7/site-packages/pandas/core/indexes/base.py:3244: UnicodeWarning: Unicode equal comparison failed to convert both arguments to Unicode - interpreting them as being unequal
  indexer = self._engine.get_indexer(target._ndarray_values)
2010
Arquivo de entrada possui 366882 linhas
gerando arquivo csv
Arquivo de saida possui 366882 linhas de informacao
Processamento ENADE 2010 finalizado, arquivo de log gerado em /var/tmp/inep/2010/transform/docentes/docentes_vinculo_ies_2010.log
Arquivo do ano, 2010 finalizado


2011
Arquivo de entrada possui 378257 linhas
gerando arquivo csv
Arquivo de saida possui 378257 linhas de informacao
Processamento ENADE 2011 finalizado, arquivo de log gerado em /var/tmp/inep/2011/transform/docentes/docentes_vinculo_ies_2011.log
Arquivo do ano, 2011 finalizado


2012
Arquivo de entrada possui 378939 linhas
gerando arquivo csv
Arquivo de saida possui 378939 linhas de informacao
Processamento ENADE 2012 finalizado, arquivo de log gerado em /var/tmp/inep/2012/transform/docentes/docentes_vinculo_ies_2012.log
Arquivo do ano, 2012 finalizado


2013
Arquivo de entrada possui 383683 linhas
gerando arquivo csv
Arquivo de saida possui 383683 linhas de informacao
Processamento ENADE 2013 finalizado, arquivo de log gerado em /var/tmp/inep/2013/transform/docentes/docentes_vinculo_ies_2013.log
Arquivo do ano, 2013 finalizado


2014
Arquivo de entrada possui 396595 linhas
gerando arquivo csv
Arquivo de saida possui 396595 linhas de informacao
Processamento ENADE 2014 finalizado, arquivo de log gerado em /var/tmp/inep/2014/transform/docentes/docentes_vinculo_ies_2014.log
Arquivo do ano, 2014 finalizado


2015
Arquivo de entrada possui 401299 linhas
gerando arquivo csv
Arquivo de saida possui 401299 linhas de informacao
Processamento ENADE 2015 finalizado, arquivo de log gerado em /var/tmp/inep/2015/transform/docentes/docentes_vinculo_ies_2015.log
Arquivo do ano, 2015 finalizado


2016
Arquivo de entrada possui 397611 linhas
gerando arquivo csv
Arquivo de saida possui 397611 linhas de informacao
Processamento ENADE 2016 finalizado, arquivo de log gerado em /var/tmp/inep/2016/transform/docentes/docentes_vinculo_ies_2016.log
Arquivo do ano, 2016 finalizado


Fim!!


/var/www/virtualenvs/buscador_scripts/lib/python2.7/site-packages/pandas/core/indexes/base.py:3244: UnicodeWarning: Unicode equal comparison failed to convert both arguments to Unicode - interpreting them as being unequal
  indexer = self._engine.get_indexer(target._ndarray_values)
/var/www/virtualenvs/buscador_scripts/lib/python2.7/site-packages/pandas/core/indexes/base.py:2022: UnicodeWarning: Unicode equal comparison failed to convert both arguments to Unicode - interpreting them as being unequal
  return key in self._engine
/var/www/virtualenvs/buscador_scripts/lib/python2.7/site-packages/pandas/core/indexes/base.py:3244: UnicodeWarning: Unicode equal comparison failed to convert both arguments to Unicode - interpreting them as being unequal
  indexer = self._engine.get_indexer(target._ndarray_values)
/var/www/virtualenvs/buscador_scripts/lib/python2.7/site-packages/pandas/core/indexes/base.py:2022: UnicodeWarning: Unicode equal comparison failed to convert both arguments to Unicode - interpreting them as being unequal
  return key in self._engine
2010
Arquivo de entrada possui 8337219 linhas
Arquivo de saida possui 8337219 linhas de informacao
Processamento ENADE 2010 finalizado, arquivo de log gerado em /var/tmp/inep/2010/transform/alunos/alunos_vinculo_ies_2010.log
Arquivo do ano, 2010 finalizado
2011
Arquivo de entrada possui 8961724 linhas
Arquivo de saida possui 8961724 linhas de informacao
Processamento ENADE 2011 finalizado, arquivo de log gerado em /var/tmp/inep/2011/transform/alunos/alunos_vinculo_ies_2011.log
Arquivo do ano, 2011 finalizado
2012
Arquivo de entrada possui 9565483 linhas
Arquivo de saida possui 9565483 linhas de informacao
Processamento ENADE 2012 finalizado, arquivo de log gerado em /var/tmp/inep/2012/transform/alunos/alunos_vinculo_ies_2012.log
Arquivo do ano, 2012 finalizado
2013
Arquivo de entrada possui 9929289 linhas
Arquivo do ano, 2013 não encontrado
Traceback (most recent call last):
  File "transform/inep_alunos/alunos_inep.py", line 257, in <module>
    inep_al.gera_csv(df_merged, 1)
  File "transform/inep_alunos/alunos_inep.py", line 228, in gera_csv
    quoting=csv.QUOTE_ALL)
  File "/var/www/virtualenvs/buscador_scripts/lib/python2.7/site-packages/pandas/core/frame.py", line 1745, in to_csv
    formatter.save()
  File "/var/www/virtualenvs/buscador_scripts/lib/python2.7/site-packages/pandas/io/formats/csvs.py", line 151, in save
    self._save()
  File "/var/www/virtualenvs/buscador_scripts/lib/python2.7/site-packages/pandas/io/formats/csvs.py", line 263, in _save
    self._save_chunk(start_i, end_i)
  File "/var/www/virtualenvs/buscador_scripts/lib/python2.7/site-packages/pandas/io/formats/csvs.py", line 290, in _save_chunk
    self.cols, self.writer)
  File "pandas/_libs/writers.pyx", line 81, in pandas._libs.writers.write_csv_rows
  File "/var/www/virtualenvs/buscador_scripts/lib/python2.7/site-packages/pandas/io/common.py", line 587, in writerows
    self.stream.write(data)
IOError: [Errno 28] No space left on device
digite collection como parametro
2011
Arquivo de entrada possui 358919 linhas de informacao
Arquivo de saida possui 358919 linhas de informacao
Processamento PNADE 2011 finalizado, arquivo de log gerado em /var/tmp/pnade/2011/transform/pnade_2011.log
Arquivo do ano, 2011 finalizado
Fim!!


2012
Arquivo de entrada possui 362451 linhas de informacao
Arquivo de saida possui 362451 linhas de informacao
Processamento PNADE 2012 finalizado, arquivo de log gerado em /var/tmp/pnade/2012/transform/pnade_2012.log
Arquivo do ano, 2012 finalizado
Fim!!


2013
Arquivo de entrada possui 362555 linhas de informacao
Arquivo de saida possui 362555 linhas de informacao
Processamento PNADE 2013 finalizado, arquivo de log gerado em /var/tmp/pnade/2013/transform/pnade_2013.log
Arquivo do ano, 2013 finalizado
Fim!!


2014
Arquivo de entrada possui 362627 linhas de informacao
Arquivo de saida possui 362627 linhas de informacao
Processamento PNADE 2014 finalizado, arquivo de log gerado em /var/tmp/pnade/2014/transform/pnade_2014.log
Arquivo do ano, 2014 finalizado
Fim!!



Connecting to ZooKeeper at localhost:9983 ...
Uploading /home/bv/projetos/buscador_scripts/_transform/pnade/conf for config pnad to ZooKeeper at localhost:9983
Deleting collection
404


Upload do schema


Collection refresh
404


Collection upload
4 arquivos encontrado
Uploading file /var/tmp/pnade/2011/transform/pnade_2011.csv
404
Uploading file /var/tmp/pnade/2012/transform/pnade_2012.csv
404
Uploading file /var/tmp/pnade/2013/transform/pnade_2013.csv
404
Uploading file /var/tmp/pnade/2014/transform/pnade_2014.csv
404


Carga finalizada
